[2021-06-27 22:31:10][3] Processing: App\Jobs\SendMailCompra
[2021-06-27 22:31:21][3] Processed:  App\Jobs\SendMailCompra
[2021-06-29 00:11:32][4] Processing: App\Jobs\SendMailCompra
[2021-06-29 00:11:46][4] Processed:  App\Jobs\SendMailCompra
[2021-06-29 00:12:19][5] Processing: App\Jobs\SendMailCompra
[2021-06-29 00:12:25][5] Processed:  App\Jobs\SendMailCompra
[2021-07-09 15:19:24][6] Processing: App\Jobs\SendMailCompra
[2021-07-09 15:19:37][6] Processed:  App\Jobs\SendMailCompra
[2021-07-09 15:21:40][7] Processing: App\Jobs\SendMailCompra
[2021-07-09 15:21:45][7] Processed:  App\Jobs\SendMailCompra
[2021-07-09 15:34:13][8] Processing: App\Jobs\SendMailCompra
[2021-07-09 15:34:19][8] Processed:  App\Jobs\SendMailCompra
[2021-07-12 16:50:31][9] Processing: App\Jobs\SendMailCompra
[2021-07-12 16:50:44][9] Processed:  App\Jobs\SendMailCompra
[2021-07-12 23:10:25][10] Processing: App\Jobs\SendMailCompra
[2021-07-12 23:10:36][10] Processed:  App\Jobs\SendMailCompra
[2021-07-12 23:17:05][11] Processing: App\Jobs\SendMailCompra
[2021-07-12 23:17:16][11] Processed:  App\Jobs\SendMailCompra
[2021-07-26 23:46:11][12] Processing: App\Jobs\SendMailing
[2021-07-26 23:46:11][13] Processing: App\Jobs\SendMailing
[2021-07-26 23:46:11][14] Processing: App\Jobs\SendMailing
[2021-07-26 23:46:11][14] Failed:     App\Jobs\SendMailing
[2021-07-27 00:13:59][15] Processing: App\Jobs\SendMailing
[2021-07-27 00:14:22][15] Processed:  App\Jobs\SendMailing
[2021-07-27 23:32:50][16] Processing: App\Jobs\SendMailing
[2021-07-27 23:33:08][16] Processed:  App\Jobs\SendMailing
[2021-07-27 23:36:26][17] Processing: App\Jobs\SendMailCompra
[2021-07-27 23:36:31][17] Processed:  App\Jobs\SendMailCompra
